<?xml version="1.0" encoding="UTF-8"?>
<!-- Generated by org.testng.reporters.JUnitReportReporter -->
<testsuite hostname="IN-MH1LPW101875" failures="0" tests="2" name="com.testcase.DataProviderTest" time="24.697" errors="0" timestamp="21 Oct 2023 08:01:27 GMT">
  <testcase classname="com.testcase.DataProviderTest" name="myTest" time="12.078"/>
  <testcase classname="com.testcase.DataProviderTest" name="myTest" time="12.619"/>
</testsuite> <!-- com.testcase.DataProviderTest -->
