<?xml version="1.0" encoding="UTF-8"?>
<!-- Generated by org.testng.reporters.JUnitReportReporter -->
<testsuite hostname="DESKTOP-I7J6NN2" name="com.testcase.DataDriverTest" tests="1" failures="0" timestamp="13 Oct 2023 20:03:04 GMT" time="2.281" errors="0">
  <testcase name="myTest" time="2.281" classname="com.testcase.DataDriverTest"/>
</testsuite> <!-- com.testcase.DataDriverTest -->
