<?xml version="1.0" encoding="UTF-8"?>
<!-- Generated by org.testng.reporters.JUnitReportReporter -->
<testsuite hostname="DESKTOP-I7J6NN2" name="com.testcase.Leave_DashBoard_TestCase" tests="1" failures="0" timestamp="27 Sep 2023 20:52:10 GMT" time="1.834" errors="0">
  <testcase name="checkLeaveList" time="1.834" classname="com.testcase.Leave_DashBoard_TestCase"/>
</testsuite> <!-- com.testcase.Leave_DashBoard_TestCase -->
