<?xml version="1.0" encoding="UTF-8"?>
<!-- Generated by org.testng.reporters.JUnitReportReporter -->
<testsuite hostname="DESKTOP-I7J6NN2" name="com.testcase.LoginTestCase" tests="2" failures="0" timestamp="27 Sep 2023 20:52:10 GMT" time="3.632" errors="0">
  <testcase name="verifyLable" time="0.322" classname="com.testcase.LoginTestCase"/>
  <testcase name="login" time="3.310" classname="com.testcase.LoginTestCase"/>
</testsuite> <!-- com.testcase.LoginTestCase -->
