<?xml version="1.0" encoding="UTF-8"?>
<!-- Generated by org.testng.reporters.JUnitReportReporter -->
<testsuite hostname="DESKTOP-I7J6NN2" name="com.testcase.PIM_Dashboard_TestCase" tests="1" failures="0" timestamp="27 Sep 2023 20:52:10 GMT" time="13.796" errors="0">
  <testcase name="addEmployee" time="13.796" classname="com.testcase.PIM_Dashboard_TestCase"/>
</testsuite> <!-- com.testcase.PIM_Dashboard_TestCase -->
